[1225/150532.761:ERROR:process_reader_win.cc(242)] ReadMemory at 0x29a801a0000 of 64 bytes failed: Only part of a ReadProcessMemory or WriteProcessMemory request was completed. (0x12B)
[1225/150532.765:WARNING:pe_image_reader.cc(302)] could not read dos header from C:\Windows\System32\IMM32.DLL
[1225/150532.768:ERROR:process_reader_win.cc(242)] ReadMemory at 0x29a801a0000 of 64 bytes failed: Only part of a ReadProcessMemory or WriteProcessMemory request was completed. (0x12B)
[1225/150532.768:WARNING:pe_image_reader.cc(302)] could not read dos header from C:\Windows\System32\IMM32.DLL
[1225/150532.768:ERROR:process_reader_win.cc(242)] ReadMemory at 0x29a801a0000 of 64 bytes failed: Only part of a ReadProcessMemory or WriteProcessMemory request was completed. (0x12B)
[1225/150532.777:WARNING:pe_image_reader.cc(302)] could not read dos header from C:\Windows\System32\IMM32.DLL
[1225/150532.778:ERROR:process_reader_win.cc(242)] ReadMemory at 0x29a801f3310 of 72 bytes failed: Only part of a ReadProcessMemory or WriteProcessMemory request was completed. (0x12B)
[1225/150532.778:WARNING:pe_image_annotations_reader.cc(133)] could not read annotations list object in C:\Program Files (x86)\Google\Chrome\Application\71.0.3578.98\chrome_elf.dll
[1225/150532.778:ERROR:process_reader_win.cc(242)] ReadMemory at 0x29a801a0000 of 64 bytes failed: Only part of a ReadProcessMemory or WriteProcessMemory request was completed. (0x12B)
[1225/150532.778:WARNING:pe_image_reader.cc(302)] could not read dos header from C:\Windows\System32\IMM32.DLL
[1225/150532.778:ERROR:process_reader_win.cc(242)] ReadMemory at 0x29a801a0000 of 64 bytes failed: Only part of a ReadProcessMemory or WriteProcessMemory request was completed. (0x12B)
[1225/150532.778:WARNING:pe_image_reader.cc(302)] could not read dos header from C:\Windows\System32\IMM32.DLL
[1225/150532.778:ERROR:process_reader_win.cc(242)] ReadMemory at 0x29a804a1050 of 72 bytes failed: Only part of a ReadProcessMemory or WriteProcessMemory request was completed. (0x12B)
[1225/150532.785:WARNING:pe_image_annotations_reader.cc(133)] could not read annotations list object in C:\Program Files (x86)\Google\Chrome\Application\71.0.3578.98\chrome_child.dll
[1225/150532.808:ERROR:process_reader_win.cc(242)] ReadMemory at 0x29a801a0000 of 64 bytes failed: Only part of a ReadProcessMemory or WriteProcessMemory request was completed. (0x12B)
[1225/150532.809:WARNING:pe_image_reader.cc(302)] could not read dos header from C:\Windows\System32\IMM32.DLL
[1225/150533.275:ERROR:process_reader_win.cc(242)] ReadMemory at 0xb0b53ea000 of 90112 bytes failed: Only part of a ReadProcessMemory or WriteProcessMemory request was completed. (0x12B)
[1225/150533.275:ERROR:process_reader_win.cc(242)] ReadMemory at 0xb0b55fe000 of 8192 bytes failed: Only part of a ReadProcessMemory or WriteProcessMemory request was completed. (0x12B)
[1225/150533.275:ERROR:process_reader_win.cc(242)] ReadMemory at 0xb0b57fd000 of 12288 bytes failed: Only part of a ReadProcessMemory or WriteProcessMemory request was completed. (0x12B)
[1225/150533.275:ERROR:process_reader_win.cc(242)] ReadMemory at 0xb0b59fa000 of 24576 bytes failed: Only part of a ReadProcessMemory or WriteProcessMemory request was completed. (0x12B)
[1225/150533.275:ERROR:process_reader_win.cc(242)] ReadMemory at 0xb0b5bfe000 of 8192 bytes failed: Only part of a ReadProcessMemory or WriteProcessMemory request was completed. (0x12B)
[1225/150533.283:ERROR:process_reader_win.cc(242)] ReadMemory at 0xb0b5dfe000 of 8192 bytes failed: Only part of a ReadProcessMemory or WriteProcessMemory request was completed. (0x12B)
[1225/150533.284:ERROR:process_reader_win.cc(242)] ReadMemory at 0xb0b5ffd000 of 12288 bytes failed: Only part of a ReadProcessMemory or WriteProcessMemory request was completed. (0x12B)
[1225/150533.285:ERROR:process_reader_win.cc(242)] ReadMemory at 0xb0b61fe000 of 8192 bytes failed: Only part of a ReadProcessMemory or WriteProcessMemory request was completed. (0x12B)
[1225/150533.285:ERROR:process_reader_win.cc(242)] ReadMemory at 0xb0b63fe000 of 8192 bytes failed: Only part of a ReadProcessMemory or WriteProcessMemory request was completed. (0x12B)
[1225/150533.285:ERROR:process_reader_win.cc(242)] ReadMemory at 0xb0b65fb000 of 20480 bytes failed: Only part of a ReadProcessMemory or WriteProcessMemory request was completed. (0x12B)
[1225/150533.285:ERROR:process_reader_win.cc(242)] ReadMemory at 0xb0b67fb000 of 20480 bytes failed: Only part of a ReadProcessMemory or WriteProcessMemory request was completed. (0x12B)
[1225/150533.285:ERROR:process_reader_win.cc(242)] ReadMemory at 0xb0b69fb000 of 20480 bytes failed: Only part of a ReadProcessMemory or WriteProcessMemory request was completed. (0x12B)
[1225/150533.293:ERROR:process_reader_win.cc(242)] ReadMemory at 0xb0b6bfe000 of 8192 bytes failed: Only part of a ReadProcessMemory or WriteProcessMemory request was completed. (0x12B)
[1225/150533.294:ERROR:process_reader_win.cc(242)] ReadMemory at 0xb0b6dfd000 of 12288 bytes failed: Only part of a ReadProcessMemory or WriteProcessMemory request was completed. (0x12B)
[1225/150533.294:ERROR:process_reader_win.cc(242)] ReadMemory at 0xb0b6ffd000 of 12288 bytes failed: Only part of a ReadProcessMemory or WriteProcessMemory request was completed. (0x12B)
[1225/150533.294:ERROR:process_reader_win.cc(242)] ReadMemory at 0xb0b71fe000 of 8192 bytes failed: Only part of a ReadProcessMemory or WriteProcessMemory request was completed. (0x12B)
[1225/150533.294:ERROR:process_reader_win.cc(242)] ReadMemory at 0xb0b73fd000 of 12288 bytes failed: Only part of a ReadProcessMemory or WriteProcessMemory request was completed. (0x12B)
[1225/150533.294:ERROR:process_reader_win.cc(242)] ReadMemory at 0xb0b75fd000 of 12288 bytes failed: Only part of a ReadProcessMemory or WriteProcessMemory request was completed. (0x12B)
[1225/150533.294:ERROR:process_reader_win.cc(242)] ReadMemory at 0xb0b50e6000 of 852 bytes failed: Only part of a ReadProcessMemory or WriteProcessMemory request was completed. (0x12B)
[1225/150533.302:ERROR:process_reader_win.cc(242)] ReadMemory at 0xb0b50e7000 of 6024 bytes failed: Only part of a ReadProcessMemory or WriteProcessMemory request was completed. (0x12B)
[1225/150533.302:ERROR:process_reader_win.cc(242)] ReadMemory at 0xb0b50e9000 of 6024 bytes failed: Only part of a ReadProcessMemory or WriteProcessMemory request was completed. (0x12B)
[1225/150533.305:ERROR:process_reader_win.cc(242)] ReadMemory at 0xb0b50eb000 of 6024 bytes failed: Only part of a ReadProcessMemory or WriteProcessMemory request was completed. (0x12B)
[1225/150533.306:ERROR:process_reader_win.cc(242)] ReadMemory at 0xb0b50ed000 of 6024 bytes failed: Only part of a ReadProcessMemory or WriteProcessMemory request was completed. (0x12B)
[1225/150533.307:ERROR:process_reader_win.cc(242)] ReadMemory at 0xb0b50ef000 of 6024 bytes failed: Only part of a ReadProcessMemory or WriteProcessMemory request was completed. (0x12B)
[1225/150533.308:ERROR:process_reader_win.cc(242)] ReadMemory at 0xb0b50f1000 of 6024 bytes failed: Only part of a ReadProcessMemory or WriteProcessMemory request was completed. (0x12B)
[1225/150533.310:ERROR:process_reader_win.cc(242)] ReadMemory at 0xb0b50f3000 of 6024 bytes failed: Only part of a ReadProcessMemory or WriteProcessMemory request was completed. (0x12B)
[1225/150533.311:ERROR:process_reader_win.cc(242)] ReadMemory at 0xb0b50f5000 of 6024 bytes failed: Only part of a ReadProcessMemory or WriteProcessMemory request was completed. (0x12B)
[1225/150533.312:ERROR:process_reader_win.cc(242)] ReadMemory at 0xb0b50f7000 of 6024 bytes failed: Only part of a ReadProcessMemory or WriteProcessMemory request was completed. (0x12B)
[1225/150533.314:ERROR:process_reader_win.cc(242)] ReadMemory at 0xb0b50f9000 of 6024 bytes failed: Only part of a ReadProcessMemory or WriteProcessMemory request was completed. (0x12B)
[1225/150533.316:ERROR:process_reader_win.cc(242)] ReadMemory at 0xb0b50fb000 of 6024 bytes failed: Only part of a ReadProcessMemory or WriteProcessMemory request was completed. (0x12B)
[1225/150533.318:ERROR:process_reader_win.cc(242)] ReadMemory at 0xb0b50fd000 of 6024 bytes failed: Only part of a ReadProcessMemory or WriteProcessMemory request was completed. (0x12B)
[1225/150533.321:ERROR:process_reader_win.cc(242)] ReadMemory at 0xb0b50ff000 of 6024 bytes failed: Only part of a ReadProcessMemory or WriteProcessMemory request was completed. (0x12B)
[1225/150533.322:ERROR:process_reader_win.cc(242)] ReadMemory at 0xb0b5101000 of 6024 bytes failed: Only part of a ReadProcessMemory or WriteProcessMemory request was completed. (0x12B)
[1225/150533.325:ERROR:process_reader_win.cc(242)] ReadMemory at 0xb0b5103000 of 6024 bytes failed: Only part of a ReadProcessMemory or WriteProcessMemory request was completed. (0x12B)
[1225/150533.325:ERROR:process_reader_win.cc(242)] ReadMemory at 0xb0b5105000 of 6024 bytes failed: Only part of a ReadProcessMemory or WriteProcessMemory request was completed. (0x12B)
[1225/150533.327:ERROR:process_reader_win.cc(242)] ReadMemory at 0xb0b5107000 of 6024 bytes failed: Only part of a ReadProcessMemory or WriteProcessMemory request was completed. (0x12B)
[1225/150533.329:ERROR:process_reader_win.cc(242)] ReadMemory at 0xb0b5143000 of 6024 bytes failed: Only part of a ReadProcessMemory or WriteProcessMemory request was completed. (0x12B)
[1225/150533.330:ERROR:process_reader_win.cc(242)] ReadMemory at 0x29a80490000 of 384 bytes failed: Only part of a ReadProcessMemory or WriteProcessMemory request was completed. (0x12B)
[1225/150533.330:ERROR:process_reader_win.cc(242)] ReadMemory at 0x29a804db760 of 512 bytes failed: Only part of a ReadProcessMemory or WriteProcessMemory request was completed. (0x12B)
[1225/150533.330:ERROR:process_reader_win.cc(242)] ReadMemory at 0x29a804dccc8 of 584 bytes failed: Only part of a ReadProcessMemory or WriteProcessMemory request was completed. (0x12B)
[1225/150533.330:ERROR:process_reader_win.cc(242)] ReadMemory at 0x29a804f27f0 of 512 bytes failed: Only part of a ReadProcessMemory or WriteProcessMemory request was completed. (0x12B)
[1225/150533.330:ERROR:process_reader_win.cc(242)] ReadMemory at 0x29a804fd4c0 of 688 bytes failed: Only part of a ReadProcessMemory or WriteProcessMemory request was completed. (0x12B)
[1225/150533.330:ERROR:process_reader_win.cc(242)] ReadMemory at 0x29a805516c8 of 512 bytes failed: Only part of a ReadProcessMemory or WriteProcessMemory request was completed. (0x12B)
[1225/150533.330:ERROR:process_reader_win.cc(242)] ReadMemory at 0x29a805a4b34 of 516 bytes failed: Only part of a ReadProcessMemory or WriteProcessMemory request was completed. (0x12B)
[1225/150533.339:ERROR:process_reader_win.cc(242)] ReadMemory at 0x29a82452338 of 512 bytes failed: Only part of a ReadProcessMemory or WriteProcessMemory request was completed. (0x12B)
[1225/150533.340:ERROR:process_reader_win.cc(242)] ReadMemory at 0x29a825b9490 of 512 bytes failed: Only part of a ReadProcessMemory or WriteProcessMemory request was completed. (0x12B)
[1225/150533.340:ERROR:process_reader_win.cc(242)] ReadMemory at 0x29a829c5608 of 512 bytes failed: Only part of a ReadProcessMemory or WriteProcessMemory request was completed. (0x12B)
[1225/150533.340:ERROR:process_reader_win.cc(242)] ReadMemory at 0x29a82a29780 of 512 bytes failed: Only part of a ReadProcessMemory or WriteProcessMemory request was completed. (0x12B)
[1225/150533.340:ERROR:process_reader_win.cc(242)] ReadMemory at 0x29a82a43e10 of 568 bytes failed: Only part of a ReadProcessMemory or WriteProcessMemory request was completed. (0x12B)
[1225/150533.340:ERROR:process_reader_win.cc(242)] ReadMemory at 0x29a86878e00 of 512 bytes failed: Only part of a ReadProcessMemory or WriteProcessMemory request was completed. (0x12B)
[1225/150533.347:ERROR:process_reader_win.cc(242)] ReadMemory at 0x29a8698519c of 512 bytes failed: Only part of a ReadProcessMemory or WriteProcessMemory request was completed. (0x12B)
[1225/150533.347:ERROR:process_reader_win.cc(242)] ReadMemory at 0x29a86aa3c00 of 512 bytes failed: Only part of a ReadProcessMemory or WriteProcessMemory request was completed. (0x12B)
[1225/150533.349:ERROR:process_reader_win.cc(242)] ReadMemory at 0x29a8f919b50 of 520 bytes failed: Only part of a ReadProcessMemory or WriteProcessMemory request was completed. (0x12B)
[1225/150533.350:ERROR:process_reader_win.cc(242)] ReadMemory at 0x29a99b112c0 of 512 bytes failed: Only part of a ReadProcessMemory or WriteProcessMemory request was completed. (0x12B)
[1225/150533.350:ERROR:process_reader_win.cc(242)] ReadMemory at 0x29ae4980ab0 of 512 bytes failed: Only part of a ReadProcessMemory or WriteProcessMemory request was completed. (0x12B)
[1225/150533.350:ERROR:process_reader_win.cc(242)] ReadMemory at 0x29ae4980fc0 of 3330 bytes failed: Only part of a ReadProcessMemory or WriteProcessMemory request was completed. (0x12B)
[1225/150533.350:ERROR:process_reader_win.cc(242)] ReadMemory at 0x29ae4981cd0 of 1012 bytes failed: Only part of a ReadProcessMemory or WriteProcessMemory request was completed. (0x12B)
[1225/150533.350:ERROR:process_reader_win.cc(242)] ReadMemory at 0x29ae49822e8 of 118 bytes failed: Only part of a ReadProcessMemory or WriteProcessMemory request was completed. (0x12B)
[1225/150533.350:ERROR:process_reader_win.cc(242)] ReadMemory at 0x29ae4982360 of 1092 bytes failed: Only part of a ReadProcessMemory or WriteProcessMemory request was completed. (0x12B)
[1225/150533.357:ERROR:process_reader_win.cc(242)] ReadMemory at 0x29ae49827a6 of 118 bytes failed: Only part of a ReadProcessMemory or WriteProcessMemory request was completed. (0x12B)
[1225/150533.360:ERROR:process_reader_win.cc(242)] ReadMemory at 0x29ae498281e of 96 bytes failed: Only part of a ReadProcessMemory or WriteProcessMemory request was completed. (0x12B)
[1225/150533.361:ERROR:process_reader_win.cc(242)] ReadMemory at 0x29ae4982890 of 58 bytes failed: Only part of a ReadProcessMemory or WriteProcessMemory request was completed. (0x12B)
[1225/150533.361:ERROR:process_reader_win.cc(242)] ReadMemory at 0x29ae4982990 of 132 bytes failed: Only part of a ReadProcessMemory or WriteProcessMemory request was completed. (0x12B)
[1225/150533.361:ERROR:process_reader_win.cc(242)] ReadMemory at 0x29ae4982b20 of 132 bytes failed: Only part of a ReadProcessMemory or WriteProcessMemory request was completed. (0x12B)
[1225/150533.361:ERROR:process_reader_win.cc(242)] ReadMemory at 0x29ae4982ce0 of 124 bytes failed: Only part of a ReadProcessMemory or WriteProcessMemory request was completed. (0x12B)
[1225/150533.368:ERROR:process_reader_win.cc(242)] ReadMemory at 0x29ae49830c0 of 132 bytes failed: Only part of a ReadProcessMemory or WriteProcessMemory request was completed. (0x12B)
[1225/150533.369:ERROR:process_reader_win.cc(242)] ReadMemory at 0x29ae4983250 of 64 bytes failed: Only part of a ReadProcessMemory or WriteProcessMemory request was completed. (0x12B)
[1225/150533.370:ERROR:process_reader_win.cc(242)] ReadMemory at 0x29ae49833b0 of 132 bytes failed: Only part of a ReadProcessMemory or WriteProcessMemory request was completed. (0x12B)
[1225/150533.370:ERROR:process_reader_win.cc(242)] ReadMemory at 0x29ae49835b0 of 62 bytes failed: Only part of a ReadProcessMemory or WriteProcessMemory request was completed. (0x12B)
[1225/150533.370:ERROR:process_reader_win.cc(242)] ReadMemory at 0x29ae49836a0 of 132 bytes failed: Only part of a ReadProcessMemory or WriteProcessMemory request was completed. (0x12B)
[1225/150533.370:ERROR:process_reader_win.cc(242)] ReadMemory at 0x29ae4983830 of 68 bytes failed: Only part of a ReadProcessMemory or WriteProcessMemory request was completed. (0x12B)
[1225/150533.377:ERROR:process_reader_win.cc(242)] ReadMemory at 0x29ae4989c60 of 132 bytes failed: Only part of a ReadProcessMemory or WriteProcessMemory request was completed. (0x12B)
[1225/150533.378:ERROR:process_reader_win.cc(242)] ReadMemory at 0x29ae4989ea0 of 132 bytes failed: Only part of a ReadProcessMemory or WriteProcessMemory request was completed. (0x12B)
[1225/150533.379:ERROR:process_reader_win.cc(242)] ReadMemory at 0x29ae498a030 of 62 bytes failed: Only part of a ReadProcessMemory or WriteProcessMemory request was completed. (0x12B)
[1225/150533.380:ERROR:process_reader_win.cc(242)] ReadMemory at 0x29ae498b7a0 of 132 bytes failed: Only part of a ReadProcessMemory or WriteProcessMemory request was completed. (0x12B)
[1225/150533.381:ERROR:process_reader_win.cc(242)] ReadMemory at 0x29ae498b930 of 60 bytes failed: Only part of a ReadProcessMemory or WriteProcessMemory request was completed. (0x12B)
[1225/150533.382:ERROR:process_reader_win.cc(242)] ReadMemory at 0x29ae498b980 of 156 bytes failed: Only part of a ReadProcessMemory or WriteProcessMemory request was completed. (0x12B)
[1225/150533.382:ERROR:process_reader_win.cc(242)] ReadMemory at 0x29ae498bb80 of 132 bytes failed: Only part of a ReadProcessMemory or WriteProcessMemory request was completed. (0x12B)
[1225/150533.382:ERROR:process_reader_win.cc(242)] ReadMemory at 0x29ae498bd10 of 64 bytes failed: Only part of a ReadProcessMemory or WriteProcessMemory request was completed. (0x12B)
[1225/150533.387:ERROR:process_reader_win.cc(242)] ReadMemory at 0x29ae498bf90 of 132 bytes failed: Only part of a ReadProcessMemory or WriteProcessMemory request was completed. (0x12B)
[1225/150533.388:ERROR:process_reader_win.cc(242)] ReadMemory at 0x29ae498c120 of 64 bytes failed: Only part of a ReadProcessMemory or WriteProcessMemory request was completed. (0x12B)
[1225/150533.388:ERROR:process_reader_win.cc(242)] ReadMemory at 0x29ae498c380 of 132 bytes failed: Only part of a ReadProcessMemory or WriteProcessMemory request was completed. (0x12B)
[1225/150533.389:ERROR:process_reader_win.cc(242)] ReadMemory at 0x29ae498c510 of 60 bytes failed: Only part of a ReadProcessMemory or WriteProcessMemory request was completed. (0x12B)
[1225/150533.389:ERROR:process_reader_win.cc(242)] ReadMemory at 0x29ae498c830 of 132 bytes failed: Only part of a ReadProcessMemory or WriteProcessMemory request was completed. (0x12B)
[1225/150533.389:ERROR:process_reader_win.cc(242)] ReadMemory at 0x29ae498c9c0 of 60 bytes failed: Only part of a ReadProcessMemory or WriteProcessMemory request was completed. (0x12B)
[1225/150533.389:ERROR:process_reader_win.cc(242)] ReadMemory at 0x29ae498cc00 of 132 bytes failed: Only part of a ReadProcessMemory or WriteProcessMemory request was completed. (0x12B)
[1225/150533.389:ERROR:process_reader_win.cc(242)] ReadMemory at 0x29ae498cd90 of 62 bytes failed: Only part of a ReadProcessMemory or WriteProcessMemory request was completed. (0x12B)
[1225/150533.389:ERROR:process_reader_win.cc(242)] ReadMemory at 0x29ae498d8e0 of 132 bytes failed: Only part of a ReadProcessMemory or WriteProcessMemory request was completed. (0x12B)
[1225/150533.398:ERROR:process_reader_win.cc(242)] ReadMemory at 0x29ae498db20 of 78 bytes failed: Only part of a ReadProcessMemory or WriteProcessMemory request was completed. (0x12B)
[1225/150533.399:ERROR:process_reader_win.cc(242)] ReadMemory at 0x29ae498dca0 of 76 bytes failed: Only part of a ReadProcessMemory or WriteProcessMemory request was completed. (0x12B)
[1225/150533.400:ERROR:process_reader_win.cc(242)] ReadMemory at 0x29ae498e060 of 80 bytes failed: Only part of a ReadProcessMemory or WriteProcessMemory request was completed. (0x12B)
[1225/150533.400:ERROR:process_reader_win.cc(242)] ReadMemory at 0x29ae498e410 of 132 bytes failed: Only part of a ReadProcessMemory or WriteProcessMemory request was completed. (0x12B)
[1225/150533.400:ERROR:process_reader_win.cc(242)] ReadMemory at 0x29ae498e8f0 of 132 bytes failed: Only part of a ReadProcessMemory or WriteProcessMemory request was completed. (0x12B)
[1225/150533.400:ERROR:process_reader_win.cc(242)] ReadMemory at 0x29ae498ea20 of 64 bytes failed: Only part of a ReadProcessMemory or WriteProcessMemory request was completed. (0x12B)
[1225/150533.400:ERROR:process_reader_win.cc(242)] ReadMemory at 0x29ae498fb90 of 132 bytes failed: Only part of a ReadProcessMemory or WriteProcessMemory request was completed. (0x12B)
[1225/150533.400:ERROR:process_reader_win.cc(242)] ReadMemory at 0x29ae498fd10 of 58 bytes failed: Only part of a ReadProcessMemory or WriteProcessMemory request was completed. (0x12B)
[1225/150533.407:ERROR:process_reader_win.cc(242)] ReadMemory at 0x29ae498fe00 of 60 bytes failed: Only part of a ReadProcessMemory or WriteProcessMemory request was completed. (0x12B)
[1225/150533.408:ERROR:process_reader_win.cc(242)] ReadMemory at 0x29ae498fea0 of 62 bytes failed: Only part of a ReadProcessMemory or WriteProcessMemory request was completed. (0x12B)
[1225/150533.409:ERROR:process_reader_win.cc(242)] ReadMemory at 0x29ae498ff40 of 58 bytes failed: Only part of a ReadProcessMemory or WriteProcessMemory request was completed. (0x12B)
[1225/150533.409:ERROR:process_reader_win.cc(242)] ReadMemory at 0x29ae498ff90 of 66 bytes failed: Only part of a ReadProcessMemory or WriteProcessMemory request was completed. (0x12B)
[1225/150533.410:ERROR:process_reader_win.cc(242)] ReadMemory at 0x29ae498ffe0 of 62 bytes failed: Only part of a ReadProcessMemory or WriteProcessMemory request was completed. (0x12B)
[1225/150533.410:ERROR:process_reader_win.cc(242)] ReadMemory at 0x29ae4990080 of 64 bytes failed: Only part of a ReadProcessMemory or WriteProcessMemory request was completed. (0x12B)
[1225/150533.410:ERROR:process_reader_win.cc(242)] ReadMemory at 0x29ae49901c0 of 66 bytes failed: Only part of a ReadProcessMemory or WriteProcessMemory request was completed. (0x12B)
[1225/150533.410:ERROR:process_reader_win.cc(242)] ReadMemory at 0x29ae4990260 of 62 bytes failed: Only part of a ReadProcessMemory or WriteProcessMemory request was completed. (0x12B)
[1225/150533.410:ERROR:process_reader_win.cc(242)] ReadMemory at 0x29ae4990350 of 58 bytes failed: Only part of a ReadProcessMemory or WriteProcessMemory request was completed. (0x12B)
[1225/150533.417:ERROR:process_reader_win.cc(242)] ReadMemory at 0x29ae49903a0 of 60 bytes failed: Only part of a ReadProcessMemory or WriteProcessMemory request was completed. (0x12B)
[1225/150533.418:ERROR:process_reader_win.cc(242)] ReadMemory at 0x29ae49903f0 of 62 bytes failed: Only part of a ReadProcessMemory or WriteProcessMemory request was completed. (0x12B)
[1225/150533.419:ERROR:process_reader_win.cc(242)] ReadMemory at 0x29ae4990440 of 60 bytes failed: Only part of a ReadProcessMemory or WriteProcessMemory request was completed. (0x12B)
[1225/150533.419:ERROR:process_reader_win.cc(242)] ReadMemory at 0x29ae49905f0 of 132 bytes failed: Only part of a ReadProcessMemory or WriteProcessMemory request was completed. (0x12B)
[1225/150533.419:ERROR:process_reader_win.cc(242)] ReadMemory at 0x29ae4990720 of 132 bytes failed: Only part of a ReadProcessMemory or WriteProcessMemory request was completed. (0x12B)
[1225/150533.419:ERROR:process_reader_win.cc(242)] ReadMemory at 0x29ae4990850 of 132 bytes failed: Only part of a ReadProcessMemory or WriteProcessMemory request was completed. (0x12B)
[1225/150533.425:ERROR:process_reader_win.cc(242)] ReadMemory at 0x29ae4990980 of 132 bytes failed: Only part of a ReadProcessMemory or WriteProcessMemory request was completed. (0x12B)
[1225/150533.426:ERROR:process_reader_win.cc(242)] ReadMemory at 0x29ae4990ab0 of 132 bytes failed: Only part of a ReadProcessMemory or WriteProcessMemory request was completed. (0x12B)
[1225/150533.427:ERROR:process_reader_win.cc(242)] ReadMemory at 0x29ae4990be0 of 132 bytes failed: Only part of a ReadProcessMemory or WriteProcessMemory request was completed. (0x12B)
[1225/150533.428:ERROR:process_reader_win.cc(242)] ReadMemory at 0x29ae4990d10 of 132 bytes failed: Only part of a ReadProcessMemory or WriteProcessMemory request was completed. (0x12B)
[1225/150533.429:ERROR:process_reader_win.cc(242)] ReadMemory at 0x29ae4990e40 of 132 bytes failed: Only part of a ReadProcessMemory or WriteProcessMemory request was completed. (0x12B)
[1225/150533.430:ERROR:process_reader_win.cc(242)] ReadMemory at 0x29ae4990f70 of 132 bytes failed: Only part of a ReadProcessMemory or WriteProcessMemory request was completed. (0x12B)
[1225/150533.430:ERROR:process_reader_win.cc(242)] ReadMemory at 0x29ae49910a0 of 132 bytes failed: Only part of a ReadProcessMemory or WriteProcessMemory request was completed. (0x12B)
[1225/150533.430:ERROR:process_reader_win.cc(242)] ReadMemory at 0x29ae49911d0 of 132 bytes failed: Only part of a ReadProcessMemory or WriteProcessMemory request was completed. (0x12B)
[1225/150533.430:ERROR:process_reader_win.cc(242)] ReadMemory at 0x29ae4991300 of 132 bytes failed: Only part of a ReadProcessMemory or WriteProcessMemory request was completed. (0x12B)
[1225/150533.430:ERROR:process_reader_win.cc(242)] ReadMemory at 0x29ae4991430 of 132 bytes failed: Only part of a ReadProcessMemory or WriteProcessMemory request was completed. (0x12B)
[1225/150533.437:ERROR:process_reader_win.cc(242)] ReadMemory at 0x29ae499161a of 512 bytes failed: Only part of a ReadProcessMemory or WriteProcessMemory request was completed. (0x12B)
[1225/150533.437:ERROR:process_reader_win.cc(242)] ReadMemory at 0x29ae4992980 of 54 bytes failed: Only part of a ReadProcessMemory or WriteProcessMemory request was completed. (0x12B)
[1225/150533.438:ERROR:process_reader_win.cc(242)] ReadMemory at 0x29ae4993040 of 132 bytes failed: Only part of a ReadProcessMemory or WriteProcessMemory request was completed. (0x12B)
[1225/150533.439:ERROR:process_reader_win.cc(242)] ReadMemory at 0x29ae4993170 of 132 bytes failed: Only part of a ReadProcessMemory or WriteProcessMemory request was completed. (0x12B)
[1225/150533.440:ERROR:process_reader_win.cc(242)] ReadMemory at 0x29ae49932a0 of 132 bytes failed: Only part of a ReadProcessMemory or WriteProcessMemory request was completed. (0x12B)
[1225/150533.440:ERROR:process_reader_win.cc(242)] ReadMemory at 0x29ae49933d0 of 132 bytes failed: Only part of a ReadProcessMemory or WriteProcessMemory request was completed. (0x12B)
[1225/150533.440:ERROR:process_reader_win.cc(242)] ReadMemory at 0x29ae4993500 of 132 bytes failed: Only part of a ReadProcessMemory or WriteProcessMemory request was completed. (0x12B)
[1225/150533.440:ERROR:process_reader_win.cc(242)] ReadMemory at 0x29ae4993630 of 132 bytes failed: Only part of a ReadProcessMemory or WriteProcessMemory request was completed. (0x12B)
[1225/150533.447:ERROR:process_reader_win.cc(242)] ReadMemory at 0x29ae4993760 of 132 bytes failed: Only part of a ReadProcessMemory or WriteProcessMemory request was completed. (0x12B)
[1225/150533.448:ERROR:process_reader_win.cc(242)] ReadMemory at 0x29ae4993890 of 132 bytes failed: Only part of a ReadProcessMemory or WriteProcessMemory request was completed. (0x12B)
[1225/150533.449:ERROR:process_reader_win.cc(242)] ReadMemory at 0x29ae49939c0 of 132 bytes failed: Only part of a ReadProcessMemory or WriteProcessMemory request was completed. (0x12B)
[1225/150533.450:ERROR:process_reader_win.cc(242)] ReadMemory at 0x29ae4993af0 of 132 bytes failed: Only part of a ReadProcessMemory or WriteProcessMemory request was completed. (0x12B)
[1225/150533.450:ERROR:process_reader_win.cc(242)] ReadMemory at 0x29ae4993c20 of 132 bytes failed: Only part of a ReadProcessMemory or WriteProcessMemory request was completed. (0x12B)
[1225/150533.450:ERROR:process_reader_win.cc(242)] ReadMemory at 0x29ae4993d50 of 132 bytes failed: Only part of a ReadProcessMemory or WriteProcessMemory request was completed. (0x12B)
[1225/150533.450:ERROR:process_reader_win.cc(242)] ReadMemory at 0x29ae4993e80 of 132 bytes failed: Only part of a ReadProcessMemory or WriteProcessMemory request was completed. (0x12B)
[1225/150533.457:ERROR:process_reader_win.cc(242)] ReadMemory at 0x29ae4993fb0 of 132 bytes failed: Only part of a ReadProcessMemory or WriteProcessMemory request was completed. (0x12B)
[1225/150533.458:ERROR:process_reader_win.cc(242)] ReadMemory at 0x29ae49940e0 of 132 bytes failed: Only part of a ReadProcessMemory or WriteProcessMemory request was completed. (0x12B)
[1225/150533.458:ERROR:process_reader_win.cc(242)] ReadMemory at 0x29ae4994340 of 132 bytes failed: Only part of a ReadProcessMemory or WriteProcessMemory request was completed. (0x12B)
[1225/150533.459:ERROR:process_reader_win.cc(242)] ReadMemory at 0x29ae4994470 of 132 bytes failed: Only part of a ReadProcessMemory or WriteProcessMemory request was completed. (0x12B)
[1225/150533.459:ERROR:process_reader_win.cc(242)] ReadMemory at 0x29ae49946d0 of 132 bytes failed: Only part of a ReadProcessMemory or WriteProcessMemory request was completed. (0x12B)
[1225/150533.459:ERROR:process_reader_win.cc(242)] ReadMemory at 0x29ae4994800 of 132 bytes failed: Only part of a ReadProcessMemory or WriteProcessMemory request was completed. (0x12B)
[1225/150533.459:ERROR:process_reader_win.cc(242)] ReadMemory at 0x29ae4994930 of 132 bytes failed: Only part of a ReadProcessMemory or WriteProcessMemory request was completed. (0x12B)
[1225/150533.467:ERROR:process_reader_win.cc(242)] ReadMemory at 0x29ae4994a60 of 132 bytes failed: Only part of a ReadProcessMemory or WriteProcessMemory request was completed. (0x12B)
[1225/150533.468:ERROR:process_reader_win.cc(242)] ReadMemory at 0x29ae4994b90 of 132 bytes failed: Only part of a ReadProcessMemory or WriteProcessMemory request was completed. (0x12B)
[1225/150533.468:ERROR:process_reader_win.cc(242)] ReadMemory at 0x29ae4994cc0 of 132 bytes failed: Only part of a ReadProcessMemory or WriteProcessMemory request was completed. (0x12B)
[1225/150533.469:ERROR:process_reader_win.cc(242)] ReadMemory at 0x29ae4994df0 of 132 bytes failed: Only part of a ReadProcessMemory or WriteProcessMemory request was completed. (0x12B)
[1225/150533.469:ERROR:process_reader_win.cc(242)] ReadMemory at 0x29ae4995000 of 152 bytes failed: Only part of a ReadProcessMemory or WriteProcessMemory request was completed. (0x12B)
[1225/150533.469:ERROR:process_reader_win.cc(242)] ReadMemory at 0x29ae4997870 of 246 bytes failed: Only part of a ReadProcessMemory or WriteProcessMemory request was completed. (0x12B)
[1225/150533.469:ERROR:process_reader_win.cc(242)] ReadMemory at 0x29ae49980b0 of 62 bytes failed: Only part of a ReadProcessMemory or WriteProcessMemory request was completed. (0x12B)
[1225/150533.469:ERROR:process_reader_win.cc(242)] ReadMemory at 0x29ae4998560 of 60 bytes failed: Only part of a ReadProcessMemory or WriteProcessMemory request was completed. (0x12B)
[1225/150533.477:ERROR:process_reader_win.cc(242)] ReadMemory at 0x29ae49985b0 of 64 bytes failed: Only part of a ReadProcessMemory or WriteProcessMemory request was completed. (0x12B)
[1225/150533.478:ERROR:process_reader_win.cc(242)] ReadMemory at 0x29ae4998600 of 60 bytes failed: Only part of a ReadProcessMemory or WriteProcessMemory request was completed. (0x12B)
[1225/150533.479:ERROR:process_reader_win.cc(242)] ReadMemory at 0x29ae4998830 of 66 bytes failed: Only part of a ReadProcessMemory or WriteProcessMemory request was completed. (0x12B)
[1225/150533.479:ERROR:process_reader_win.cc(242)] ReadMemory at 0x29ae4998970 of 64 bytes failed: Only part of a ReadProcessMemory or WriteProcessMemory request was completed. (0x12B)
[1225/150533.479:ERROR:process_reader_win.cc(242)] ReadMemory at 0x29ae49989c0 of 62 bytes failed: Only part of a ReadProcessMemory or WriteProcessMemory request was completed. (0x12B)
[1225/150533.479:ERROR:process_reader_win.cc(242)] ReadMemory at 0x29ae4998ab0 of 58 bytes failed: Only part of a ReadProcessMemory or WriteProcessMemory request was completed. (0x12B)
[1225/150533.479:ERROR:process_reader_win.cc(242)] ReadMemory at 0x29ae4998b00 of 58 bytes failed: Only part of a ReadProcessMemory or WriteProcessMemory request was completed. (0x12B)
[1225/150533.487:ERROR:process_reader_win.cc(242)] ReadMemory at 0x29ae4998c40 of 64 bytes failed: Only part of a ReadProcessMemory or WriteProcessMemory request was completed. (0x12B)
[1225/150533.488:ERROR:process_reader_win.cc(242)] ReadMemory at 0x29ae4998c90 of 64 bytes failed: Only part of a ReadProcessMemory or WriteProcessMemory request was completed. (0x12B)
[1225/150533.489:ERROR:process_reader_win.cc(242)] ReadMemory at 0x29ae4998d30 of 66 bytes failed: Only part of a ReadProcessMemory or WriteProcessMemory request was completed. (0x12B)
[1225/150533.490:ERROR:process_reader_win.cc(242)] ReadMemory at 0x29ae49a5ca0 of 60 bytes failed: Only part of a ReadProcessMemory or WriteProcessMemory request was completed. (0x12B)
[1225/150533.490:ERROR:process_reader_win.cc(242)] ReadMemory at 0x29ae49a5cf0 of 64 bytes failed: Only part of a ReadProcessMemory or WriteProcessMemory request was completed. (0x12B)
[1225/150533.490:ERROR:process_reader_win.cc(242)] ReadMemory at 0x29ae49a5d40 of 62 bytes failed: Only part of a ReadProcessMemory or WriteProcessMemory request was completed. (0x12B)
[1225/150533.490:ERROR:process_reader_win.cc(242)] ReadMemory at 0x29ae49a5d90 of 60 bytes failed: Only part of a ReadProcessMemory or WriteProcessMemory request was completed. (0x12B)
[1225/150533.497:ERROR:process_reader_win.cc(242)] ReadMemory at 0x29ae49a5e30 of 60 bytes failed: Only part of a ReadProcessMemory or WriteProcessMemory request was completed. (0x12B)
[1225/150533.498:ERROR:process_reader_win.cc(242)] ReadMemory at 0x29ae49a6560 of 56 bytes failed: Only part of a ReadProcessMemory or WriteProcessMemory request was completed. (0x12B)
[1225/150533.499:ERROR:process_reader_win.cc(242)] ReadMemory at 0x29ae49a67e0 of 58 bytes failed: Only part of a ReadProcessMemory or WriteProcessMemory request was completed. (0x12B)
[1225/150533.499:ERROR:process_reader_win.cc(242)] ReadMemory at 0x29ae49a6830 of 62 bytes failed: Only part of a ReadProcessMemory or WriteProcessMemory request was completed. (0x12B)
[1225/150533.499:ERROR:process_reader_win.cc(242)] ReadMemory at 0x29ae49a6880 of 60 bytes failed: Only part of a ReadProcessMemory or WriteProcessMemory request was completed. (0x12B)
[1225/150533.499:ERROR:process_reader_win.cc(242)] ReadMemory at 0x29ae49a68d0 of 62 bytes failed: Only part of a ReadProcessMemory or WriteProcessMemory request was completed. (0x12B)
[1225/150533.499:ERROR:process_reader_win.cc(242)] ReadMemory at 0x29ae49a6920 of 62 bytes failed: Only part of a ReadProcessMemory or WriteProcessMemory request was completed. (0x12B)
[1225/150533.507:ERROR:process_reader_win.cc(242)] ReadMemory at 0x29ae49a6a60 of 62 bytes failed: Only part of a ReadProcessMemory or WriteProcessMemory request was completed. (0x12B)
[1225/150533.508:ERROR:process_reader_win.cc(242)] ReadMemory at 0x29ae49a6ab0 of 64 bytes failed: Only part of a ReadProcessMemory or WriteProcessMemory request was completed. (0x12B)
[1225/150533.509:ERROR:process_reader_win.cc(242)] ReadMemory at 0x29ae49a6b00 of 64 bytes failed: Only part of a ReadProcessMemory or WriteProcessMemory request was completed. (0x12B)
[1225/150533.510:ERROR:process_reader_win.cc(242)] ReadMemory at 0x29ae49a7460 of 132 bytes failed: Only part of a ReadProcessMemory or WriteProcessMemory request was completed. (0x12B)
[1225/150533.511:ERROR:process_reader_win.cc(242)] ReadMemory at 0x29ae49a7a50 of 132 bytes failed: Only part of a ReadProcessMemory or WriteProcessMemory request was completed. (0x12B)
[1225/150533.513:ERROR:process_reader_win.cc(242)] ReadMemory at 0x29ae49a7de0 of 132 bytes failed: Only part of a ReadProcessMemory or WriteProcessMemory request was completed. (0x12B)
[1225/150533.514:ERROR:process_reader_win.cc(242)] ReadMemory at 0x29ae49a7f10 of 132 bytes failed: Only part of a ReadProcessMemory or WriteProcessMemory request was completed. (0x12B)
[1225/150533.515:ERROR:process_reader_win.cc(242)] ReadMemory at 0x29ae49a89c0 of 132 bytes failed: Only part of a ReadProcessMemory or WriteProcessMemory request was completed. (0x12B)
[1225/150533.516:ERROR:process_reader_win.cc(242)] ReadMemory at 0x29ae49b7260 of 512 bytes failed: Only part of a ReadProcessMemory or WriteProcessMemory request was completed. (0x12B)
[1225/150533.517:ERROR:process_reader_win.cc(242)] ReadMemory at 0x29ae49bb150 of 512 bytes failed: Only part of a ReadProcessMemory or WriteProcessMemory request was completed. (0x12B)
[1225/150533.518:ERROR:process_reader_win.cc(242)] ReadMemory at 0x29ae49cf3d0 of 512 bytes failed: Only part of a ReadProcessMemory or WriteProcessMemory request was completed. (0x12B)
[1225/150533.518:ERROR:process_reader_win.cc(242)] ReadMemory at 0x5b97ba800a8 of 512 bytes failed: Only part of a ReadProcessMemory or WriteProcessMemory request was completed. (0x12B)
[1225/150533.519:ERROR:process_reader_win.cc(242)] ReadMemory at 0x5170ff9000a8 of 512 bytes failed: Only part of a ReadProcessMemory or WriteProcessMemory request was completed. (0x12B)
[1225/150533.653:ERROR:process_reader_win.cc(242)] ReadMemory at 0x7ffeb430af7c of 512 bytes failed: Only part of a ReadProcessMemory or WriteProcessMemory request was completed. (0x12B)
[1225/150533.655:ERROR:process_reader_win.cc(242)] ReadMemory at 0x7ffeb534dd1a of 512 bytes failed: Only part of a ReadProcessMemory or WriteProcessMemory request was completed. (0x12B)
[1225/150533.658:ERROR:process_reader_win.cc(242)] ReadMemory at 0x7ffeb6077b50 of 512 bytes failed: Only part of a ReadProcessMemory or WriteProcessMemory request was completed. (0x12B)
[1225/150533.659:ERROR:process_reader_win.cc(242)] ReadMemory at 0x7ffeff9aa308 of 512 bytes failed: Only part of a ReadProcessMemory or WriteProcessMemory request was completed. (0x12B)
[1225/150533.662:ERROR:process_reader_win.cc(242)] ReadMemory at 0x7fff00980840 of 512 bytes failed: Only part of a ReadProcessMemory or WriteProcessMemory request was completed. (0x12B)
[1225/150533.664:ERROR:process_reader_win.cc(242)] ReadMemory at 0x7fff0323f260 of 512 bytes failed: Only part of a ReadProcessMemory or WriteProcessMemory request was completed. (0x12B)
[1225/150533.667:ERROR:process_reader_win.cc(242)] ReadMemory at 0x7fff032409e0 of 512 bytes failed: Only part of a ReadProcessMemory or WriteProcessMemory request was completed. (0x12B)
[1225/150533.669:ERROR:process_reader_win.cc(242)] ReadMemory at 0x7fff032412d0 of 512 bytes failed: Only part of a ReadProcessMemory or WriteProcessMemory request was completed. (0x12B)
[1225/150533.670:ERROR:process_reader_win.cc(242)] ReadMemory at 0x7fff032430c0 of 512 bytes failed: Only part of a ReadProcessMemory or WriteProcessMemory request was completed. (0x12B)
[1225/150533.671:ERROR:process_reader_win.cc(242)] ReadMemory at 0x7fff032b9f04 of 672 bytes failed: Only part of a ReadProcessMemory or WriteProcessMemory request was completed. (0x12B)
[1225/150533.672:ERROR:process_reader_win.cc(242)] ReadMemory at 0x7fff032ba504 of 512 bytes failed: Only part of a ReadProcessMemory or WriteProcessMemory request was completed. (0x12B)
[1225/150533.675:ERROR:process_reader_win.cc(242)] ReadMemory at 0x7fff032bd774 of 608 bytes failed: Only part of a ReadProcessMemory or WriteProcessMemory request was completed. (0x12B)
[1225/150533.677:ERROR:process_reader_win.cc(242)] ReadMemory at 0x7fff03338aa0 of 512 bytes failed: Only part of a ReadProcessMemory or WriteProcessMemory request was completed. (0x12B)
[1225/150533.680:ERROR:process_reader_win.cc(242)] ReadMemory at 0x7fff03343810 of 18 bytes failed: Only part of a ReadProcessMemory or WriteProcessMemory request was completed. (0x12B)
[1225/150533.681:ERROR:process_reader_win.cc(242)] ReadMemory at 0x7fff033764e0 of 40 bytes failed: Only part of a ReadProcessMemory or WriteProcessMemory request was completed. (0x12B)
[1225/150533.683:ERROR:process_reader_win.cc(242)] ReadMemory at 0x7fff03376938 of 48 bytes failed: Only part of a ReadProcessMemory or WriteProcessMemory request was completed. (0x12B)
[1225/150533.684:ERROR:process_reader_win.cc(242)] ReadMemory at 0x7fff0337c360 of 64 bytes failed: Only part of a ReadProcessMemory or WriteProcessMemory request was completed. (0x12B)
[1225/150533.690:ERROR:scoped_process_suspend.cc(40)] NtResumeProcess: An attempt was made to access an exiting process. (0xc000010a)
